<?xml version="1.0" encoding="UTF-8"?>
<!-- Generated by org.testng.reporters.JUnitXMLReporter -->
<testsuite hostname="WRGVMOFF147" ignored="0" name="issueGLPolicyFollowedbyBOP5" tests="3" failures="1" timestamp="2020-08-07T17:05:33 EDT" time="473.851" errors="0">
  <testcase name="issueGLPolicyFollowedbyBOP" time="419.213" classname="com.wrg.Regression.Tests.BC_RegressionTests">
    <skipped/>
  </testcase> <!-- issueGLPolicyFollowedbyBOP -->
  <testcase name="issueGLPolicyFollowedbyBOP" time="25.831" classname="com.wrg.Regression.Tests.BC_RegressionTests">
    <skipped/>
  </testcase> <!-- issueGLPolicyFollowedbyBOP -->
  <testcase name="issueGLPolicyFollowedbyBOP" time="28.276" classname="com.wrg.Regression.Tests.BC_RegressionTests">
    <failure type="org.openqa.selenium.NoSuchElementException" message="Unable to locate element: //p[contains(@class,&amp;apos;wrg-build-number&amp;apos;)]
For documentation on this error, please visit: http://seleniumhq.org/exceptions/no_such_element.html
Build info: version: &amp;apos;3.8.1&amp;apos;, revision: &amp;apos;6e95a6684b&amp;apos;, time: &amp;apos;2017-12-01T18:33:54.468Z&amp;apos;
System info: host: &amp;apos;WRGVMOFF147&amp;apos;, ip: &amp;apos;172.21.90.88&amp;apos;, os.name: &amp;apos;Windows 10&amp;apos;, os.arch: &amp;apos;amd64&amp;apos;, os.version: &amp;apos;10.0&amp;apos;, java.version: &amp;apos;1.8.0_231&amp;apos;
Driver info: org.openqa.selenium.firefox.FirefoxDriver
Capabilities {acceptInsecureCerts: true, browserName: firefox, browserVersion: 77.0.1, javascriptEnabled: true, moz:accessibilityChecks: false, moz:buildID: 20200602222727, moz:geckodriverVersion: 0.26.0, moz:headless: false, moz:processID: 79356, moz:profile: C:\Users\aabro\AppData\Loca..., moz:shutdownTimeout: 60000, moz:useNonSpecCompliantPointerOrigin: false, moz:webdriverClick: true, pageLoadStrategy: normal, platform: WINDOWS, platformName: WINDOWS, platformVersion: 10.0, rotatable: false, setWindowRect: true, strictFileInteractability: false, timeouts: {implicit: 0, pageLoad: 300000, script: 30000}, unhandledPromptBehavior: dismiss and notify}
Session ID: 3f423f46-5345-403e-b28f-54ee504cc9fd
*** Element info: {Using=xpath, value=//p[contains(@class,&amp;apos;wrg-build-number&amp;apos;)]}">
      <![CDATA[org.openqa.selenium.NoSuchElementException: Unable to locate element: //p[contains(@class,'wrg-build-number')]
For documentation on this error, please visit: http://seleniumhq.org/exceptions/no_such_element.html
Build info: version: '3.8.1', revision: '6e95a6684b', time: '2017-12-01T18:33:54.468Z'
System info: host: 'WRGVMOFF147', ip: '172.21.90.88', os.name: 'Windows 10', os.arch: 'amd64', os.version: '10.0', java.version: '1.8.0_231'
Driver info: org.openqa.selenium.firefox.FirefoxDriver
Capabilities {acceptInsecureCerts: true, browserName: firefox, browserVersion: 77.0.1, javascriptEnabled: true, moz:accessibilityChecks: false, moz:buildID: 20200602222727, moz:geckodriverVersion: 0.26.0, moz:headless: false, moz:processID: 79356, moz:profile: C:\Users\aabro\AppData\Loca..., moz:shutdownTimeout: 60000, moz:useNonSpecCompliantPointerOrigin: false, moz:webdriverClick: true, pageLoadStrategy: normal, platform: WINDOWS, platformName: WINDOWS, platformVersion: 10.0, rotatable: false, setWindowRect: true, strictFileInteractability: false, timeouts: {implicit: 0, pageLoad: 300000, script: 30000}, unhandledPromptBehavior: dismiss and notify}
Session ID: 3f423f46-5345-403e-b28f-54ee504cc9fd
*** Element info: {Using=xpath, value=//p[contains(@class,'wrg-build-number')]}
at org.openqa.selenium.remote.http.W3CHttpResponseCodec.createException(W3CHttpResponseCodec.java:187)
at org.openqa.selenium.remote.http.W3CHttpResponseCodec.decode(W3CHttpResponseCodec.java:122)
at org.openqa.selenium.remote.http.W3CHttpResponseCodec.decode(W3CHttpResponseCodec.java:49)
at org.openqa.selenium.remote.HttpCommandExecutor.execute(HttpCommandExecutor.java:164)
at org.openqa.selenium.remote.service.DriverCommandExecutor.execute(DriverCommandExecutor.java:83)
at org.openqa.selenium.remote.RemoteWebDriver.execute(RemoteWebDriver.java:601)
at org.openqa.selenium.remote.RemoteWebDriver.findElement(RemoteWebDriver.java:371)
at org.openqa.selenium.remote.RemoteWebDriver.findElementByXPath(RemoteWebDriver.java:473)
at org.openqa.selenium.By$ByXPath.findElement(By.java:361)
at org.openqa.selenium.remote.RemoteWebDriver.findElement(RemoteWebDriver.java:363)
at org.openqa.selenium.support.events.EventFiringWebDriver$2.invoke(EventFiringWebDriver.java:108)
at com.sun.proxy.$Proxy7.findElement(Unknown Source)
at org.openqa.selenium.support.events.EventFiringWebDriver.findElement(EventFiringWebDriver.java:192)
at com.wrg.abstestbase.AbstractTest.agencyPortalLogin(AbstractTest.java:369)
at com.wrg.AP.Tests.GL_AgencyPortalTests.searchQuote(GL_AgencyPortalTests.java:197)
at com.wrg.Regression.Tests.BC_RegressionTests.issueGLPolicyFollowedbyBOP(BC_RegressionTests.java:251)
at java.util.ArrayList.forEach(ArrayList.java:1257)
at com.wrg.PC.Tests.MyMainClass.testNGRun(MyMainClass.java:42)
at com.wrg.PC.Tests.MyMainClass.main(MyMainClass.java:30)
... Removed 31 stack frames]]>
    </failure>
  </testcase> <!-- issueGLPolicyFollowedbyBOP -->
</testsuite> <!-- issueGLPolicyFollowedbyBOP5 -->
