<html>
<head>
<title>TestNG:  issueGLPolicyFollowedbyBOP5</title>
<link href="../testng.css" rel="stylesheet" type="text/css" />
<link href="../my-testng.css" rel="stylesheet" type="text/css" />

<style type="text/css">
.log { display: none;} 
.stack-trace { display: none;} 
</style>
<script type="text/javascript">
<!--
function flip(e) {
  current = e.style.display;
  if (current == 'block') {
    e.style.display = 'none';
    return 0;
  }
  else {
    e.style.display = 'block';
    return 1;
  }
}

function toggleBox(szDivId, elem, msg1, msg2)
{
  var res = -1;  if (document.getElementById) {
    res = flip(document.getElementById(szDivId));
  }
  else if (document.all) {
    // this is the way old msie versions work
    res = flip(document.all[szDivId]);
  }
  if(elem) {
    if(res == 0) elem.innerHTML = msg1; else elem.innerHTML = msg2;
  }

}

function toggleAllBoxes() {
  if (document.getElementsByTagName) {
    d = document.getElementsByTagName('div');
    for (i = 0; i < d.length; i++) {
      if (d[i].className == 'log') {
        flip(d[i]);
      }
    }
  }
}

// -->
</script>

</head>
<body>
<h2 align='center'>issueGLPolicyFollowedbyBOP5</h2><table border='1' align="center">
<tr>
<td>Tests passed/Failed/Skipped:</td><td>0/1/2</td>
</tr><tr>
<td>Started on:</td><td>Fri Aug 07 16:57:39 EDT 2020</td>
</tr>
<tr><td>Total time:</td><td>473 seconds (473851 ms)</td>
</tr><tr>
<td>Included groups:</td><td></td>
</tr><tr>
<td>Excluded groups:</td><td></td>
</tr>
</table><p/>
<small><i>(Hover the method name to see the test class name)</i></small><p/>
<table width='100%' border='1' class='invocation-failed'>
<tr><td colspan='4' align='center'><b>FAILED TESTS</b></td></tr>
<tr><td><b>Test method</b></td>
<td width="30%"><b>Exception</b></td>
<td width="10%"><b>Time (seconds)</b></td>
<td><b>Instance</b></td>
</tr>
<tr>
<td title='com.wrg.Regression.Tests.BC_RegressionTests.issueGLPolicyFollowedbyBOP()'><b>issueGLPolicyFollowedbyBOP</b><br>Test class: com.wrg.Regression.Tests.BC_RegressionTests<br>Parameters: QA1_PGA, TC42495, , Ohio, 1, 1, 349111, Murry9, General Liability, Limited Liability Company (LLC), 50010, Broadening, 10% or less, DirectBill, Cash<br/>
<a href="#Output-688113407" onClick='toggleBox("Output-688113407", this, "Show output", "Hide output");'>Show output</a>

<a href="#Output-688113407" onClick="toggleAllBoxes();">Show all outputs</a>
<div class='log' id="Output-688113407">
<tr><td></td><td></td><td></td><td><font size="2" face="Comic sans MS" color="green"><b>Test Case issueGLPolicyFollowedbyBOP started on 1596834304827</b></font></td><br/>
<tr><td></td><td></td><td></td><td><font size="2" face="Comic sans MS" color="green"><b>URI: https://t3agency.wrg-ins.com/portal/html/#!/home/</b></font></td><br/>
<tr><td></td><td></td><td></td><td><font size="2" face="Comic sans MS" color="green"><b>Test issueGLPolicyFollowedbyBOP2</b></font></td><br/>
</div>
</td>
<td><div><pre>org.openqa.selenium.NoSuchElementException: Unable to locate element: //p[contains(@class,&apos;wrg-build-number&apos;)]
For documentation on this error, please visit: http://seleniumhq.org/exceptions/no_such_element.html
Build info: version: &apos;3.8.1&apos;, revision: &apos;6e95a6684b&apos;, time: &apos;2017-12-01T18:33:54.468Z&apos;
System info: host: &apos;WRGVMOFF147&apos;, ip: &apos;172.21.90.88&apos;, os.name: &apos;Windows 10&apos;, os.arch: &apos;amd64&apos;, os.version: &apos;10.0&apos;, java.version: &apos;1.8.0_231&apos;
Driver info: org.openqa.selenium.firefox.FirefoxDriver
Capabilities {acceptInsecureCerts: true, browserName: firefox, browserVersion: 77.0.1, javascriptEnabled: true, moz:accessibilityChecks: false, moz:buildID: 20200602222727, moz:geckodriverVersion: 0.26.0, moz:headless: false, moz:processID: 79356, moz:profile: C:\Users\aabro\AppData\Loca..., moz:shutdownTimeout: 60000, moz:useNonSpecCompliantPointerOrigin: false, moz:webdriverClick: true, pageLoadStrategy: normal, platform: WINDOWS, platformName: WINDOWS, platformVersion: 10.0, rotatable: false, setWindowRect: true, strictFileInteractability: false, timeouts: {implicit: 0, pageLoad: 300000, script: 30000}, unhandledPromptBehavior: dismiss and notify}
Session ID: 3f423f46-5345-403e-b28f-54ee504cc9fd
*** Element info: {Using=xpath, value=//p[contains(@class,&apos;wrg-build-number&apos;)]}
	at org.openqa.selenium.remote.http.W3CHttpResponseCodec.createException(W3CHttpResponseCodec.java:187)
	at org.openqa.selenium.remote.http.W3CHttpResponseCodec.decode(W3CHttpResponseCodec.java:122)
	at org.openqa.selenium.remote.http.W3CHttpResponseCodec.decode(W3CHttpResponseCodec.java:49)
	at org.openqa.selenium.remote.HttpCommandExecutor.execute(HttpCommandExecutor.java:164)
	at org.openqa.selenium.remote.service.DriverCommandExecutor.execute(DriverCommandExecutor.java:83)
	at org.openqa.selenium.remote.RemoteWebDriver.execute(RemoteWebDriver.java:601)
	at org.openqa.selenium.remote.RemoteWebDriver.findElement(RemoteWebDriver.java:371)
	at org.openqa.selenium.remote.RemoteWebDriver.findElementByXPath(RemoteWebDriver.java:473)
	at org.openqa.selenium.By$ByXPath.findElement(By.java:361)
	at org.openqa.selenium.remote.RemoteWebDriver.findElement(RemoteWebDriver.java:363)
	at org.openqa.selenium.support.events.EventFiringWebDriver$2.invoke(EventFiringWebDriver.java:108)
	at com.sun.proxy.$Proxy7.findElement(Unknown Source)
	at org.openqa.selenium.support.events.EventFiringWebDriver.findElement(EventFiringWebDriver.java:192)
	at com.wrg.abstestbase.AbstractTest.agencyPortalLogin(AbstractTest.java:369)
	at com.wrg.AP.Tests.GL_AgencyPortalTests.searchQuote(GL_AgencyPortalTests.java:197)
	at com.wrg.Regression.Tests.BC_RegressionTests.issueGLPolicyFollowedbyBOP(BC_RegressionTests.java:251)
	at java.util.ArrayList.forEach(ArrayList.java:1257)
	at com.wrg.PC.Tests.MyMainClass.testNGRun(MyMainClass.java:42)
	at com.wrg.PC.Tests.MyMainClass.main(MyMainClass.java:30)
... Removed 31 stack frames</pre></div><a href='#' onClick='toggleBox("stack-trace688113407", this, "Click to show all stack frames", "Click to hide stack frames")'>Click to show all stack frames</a>
<div class='stack-trace' id='stack-trace688113407'><pre>org.openqa.selenium.NoSuchElementException: Unable to locate element: //p[contains(@class,&apos;wrg-build-number&apos;)]
For documentation on this error, please visit: http://seleniumhq.org/exceptions/no_such_element.html
Build info: version: &apos;3.8.1&apos;, revision: &apos;6e95a6684b&apos;, time: &apos;2017-12-01T18:33:54.468Z&apos;
System info: host: &apos;WRGVMOFF147&apos;, ip: &apos;172.21.90.88&apos;, os.name: &apos;Windows 10&apos;, os.arch: &apos;amd64&apos;, os.version: &apos;10.0&apos;, java.version: &apos;1.8.0_231&apos;
Driver info: org.openqa.selenium.firefox.FirefoxDriver
Capabilities {acceptInsecureCerts: true, browserName: firefox, browserVersion: 77.0.1, javascriptEnabled: true, moz:accessibilityChecks: false, moz:buildID: 20200602222727, moz:geckodriverVersion: 0.26.0, moz:headless: false, moz:processID: 79356, moz:profile: C:\Users\aabro\AppData\Loca..., moz:shutdownTimeout: 60000, moz:useNonSpecCompliantPointerOrigin: false, moz:webdriverClick: true, pageLoadStrategy: normal, platform: WINDOWS, platformName: WINDOWS, platformVersion: 10.0, rotatable: false, setWindowRect: true, strictFileInteractability: false, timeouts: {implicit: 0, pageLoad: 300000, script: 30000}, unhandledPromptBehavior: dismiss and notify}
Session ID: 3f423f46-5345-403e-b28f-54ee504cc9fd
*** Element info: {Using=xpath, value=//p[contains(@class,&apos;wrg-build-number&apos;)]}
	at sun.reflect.NativeConstructorAccessorImpl.newInstance0(Native Method)
	at sun.reflect.NativeConstructorAccessorImpl.newInstance(NativeConstructorAccessorImpl.java:62)
	at sun.reflect.DelegatingConstructorAccessorImpl.newInstance(DelegatingConstructorAccessorImpl.java:45)
	at java.lang.reflect.Constructor.newInstance(Constructor.java:423)
	at org.openqa.selenium.remote.http.W3CHttpResponseCodec.createException(W3CHttpResponseCodec.java:187)
	at org.openqa.selenium.remote.http.W3CHttpResponseCodec.decode(W3CHttpResponseCodec.java:122)
	at org.openqa.selenium.remote.http.W3CHttpResponseCodec.decode(W3CHttpResponseCodec.java:49)
	at org.openqa.selenium.remote.HttpCommandExecutor.execute(HttpCommandExecutor.java:164)
	at org.openqa.selenium.remote.service.DriverCommandExecutor.execute(DriverCommandExecutor.java:83)
	at org.openqa.selenium.remote.RemoteWebDriver.execute(RemoteWebDriver.java:601)
	at org.openqa.selenium.remote.RemoteWebDriver.findElement(RemoteWebDriver.java:371)
	at org.openqa.selenium.remote.RemoteWebDriver.findElementByXPath(RemoteWebDriver.java:473)
	at org.openqa.selenium.By$ByXPath.findElement(By.java:361)
	at org.openqa.selenium.remote.RemoteWebDriver.findElement(RemoteWebDriver.java:363)
	at sun.reflect.GeneratedMethodAccessor7.invoke(Unknown Source)
	at sun.reflect.DelegatingMethodAccessorImpl.invoke(DelegatingMethodAccessorImpl.java:43)
	at java.lang.reflect.Method.invoke(Method.java:498)
	at org.openqa.selenium.support.events.EventFiringWebDriver$2.invoke(EventFiringWebDriver.java:108)
	at com.sun.proxy.$Proxy7.findElement(Unknown Source)
	at org.openqa.selenium.support.events.EventFiringWebDriver.findElement(EventFiringWebDriver.java:192)
	at com.wrg.abstestbase.AbstractTest.agencyPortalLogin(AbstractTest.java:369)
	at com.wrg.AP.Tests.GL_AgencyPortalTests.searchQuote(GL_AgencyPortalTests.java:197)
	at com.wrg.Regression.Tests.BC_RegressionTests.issueGLPolicyFollowedbyBOP(BC_RegressionTests.java:251)
	at sun.reflect.NativeMethodAccessorImpl.invoke0(Native Method)
	at sun.reflect.NativeMethodAccessorImpl.invoke(NativeMethodAccessorImpl.java:62)
	at sun.reflect.DelegatingMethodAccessorImpl.invoke(DelegatingMethodAccessorImpl.java:43)
	at java.lang.reflect.Method.invoke(Method.java:498)
	at org.testng.internal.MethodInvocationHelper.invokeMethod(MethodInvocationHelper.java:135)
	at org.testng.internal.TestInvoker.invokeMethod(TestInvoker.java:598)
	at org.testng.internal.TestInvoker.retryFailed(TestInvoker.java:214)
	at org.testng.internal.MethodRunner.runInSequence(MethodRunner.java:58)
	at org.testng.internal.TestInvoker$MethodInvocationAgent.invoke(TestInvoker.java:821)
	at org.testng.internal.TestInvoker.invokeTestMethods(TestInvoker.java:147)
	at org.testng.internal.TestMethodWorker.invokeTestMethods(TestMethodWorker.java:146)
	at org.testng.internal.TestMethodWorker.run(TestMethodWorker.java:128)
	at java.util.ArrayList.forEach(ArrayList.java:1257)
	at org.testng.TestRunner.privateRun(TestRunner.java:767)
	at org.testng.TestRunner.run(TestRunner.java:588)
	at org.testng.SuiteRunner.runTest(SuiteRunner.java:384)
	at org.testng.SuiteRunner.runSequentially(SuiteRunner.java:378)
	at org.testng.SuiteRunner.privateRun(SuiteRunner.java:337)
	at org.testng.SuiteRunner.run(SuiteRunner.java:286)
	at org.testng.SuiteRunnerWorker.runSuite(SuiteRunnerWorker.java:53)
	at org.testng.SuiteRunnerWorker.run(SuiteRunnerWorker.java:96)
	at org.testng.TestNG.runSuitesSequentially(TestNG.java:1214)
	at org.testng.TestNG.runSuitesLocally(TestNG.java:1136)
	at org.testng.TestNG.runSuites(TestNG.java:1066)
	at org.testng.TestNG.run(TestNG.java:1034)
	at com.wrg.PC.Tests.MyMainClass.testNGRun(MyMainClass.java:42)
	at com.wrg.PC.Tests.MyMainClass.main(MyMainClass.java:30)
</pre></div></td>
<td>28</td>
<td>com.wrg.Regression.Tests.BC_RegressionTests@4fb61f4a</td></tr>
</table><p>
<table width='100%' border='1' class='invocation-skipped'>
<tr><td colspan='4' align='center'><b>SKIPPED TESTS</b></td></tr>
<tr><td><b>Test method</b></td>
<td width="30%"><b>Exception</b></td>
<td width="10%"><b>Time (seconds)</b></td>
<td><b>Instance</b></td>
</tr>
<tr>
<td title='com.wrg.Regression.Tests.BC_RegressionTests.issueGLPolicyFollowedbyBOP()'><b>issueGLPolicyFollowedbyBOP</b><br>Test class: com.wrg.Regression.Tests.BC_RegressionTests<br>Parameters: QA1_PGA, TC42495, , Ohio, 1, 1, 349111, Murry9, General Liability, Limited Liability Company (LLC), 50010, Broadening, 10% or less, DirectBill, Cash<br/>
<a href="#Output-1481731217" onClick='toggleBox("Output-1481731217", this, "Show output", "Hide output");'>Show output</a>

<a href="#Output-1481731217" onClick="toggleAllBoxes();">Show all outputs</a>
<div class='log' id="Output-1481731217">
<tr><td></td><td></td><td></td><td><font size="2" face="Comic sans MS" color="green"><b>Test Case issueGLPolicyFollowedbyBOP started on 1596833859783</b></font></td><br/>
<tr><td></td><td></td><td></td><td><font size="2" face="Comic sans MS" color="green"><b>URI: https://t3agency.wrg-ins.com/portal/html/#!/home/</b></font></td><br/>
<td><font size="2" face="Comic sans MS" color="green"><b>clicked on webelement</b></font></td></tr><br/>
<td><font size="2" face="Comic sans MS" color="green"><b>type Automation_Applicant_2020_08_07_16_57_39 in input field.</b></font></td></tr><br/>
<td><font size="2" face="Comic sans MS" color="green"><b>clicked on webelement</b></font></td></tr><br/>
<td><font size="2" face="Comic sans MS" color="green"><b>select (by option)FORWARD AGENCIES INC (000) from the dropdown</b></font></td></tr><br/>
<td><font size="2" face="Comic sans MS" color="green"><b>type 377 West, Liberty Street in input field.</b></font></td></tr><br/>
<td><font size="2" face="Comic sans MS" color="green"><b>type Wooster in input field.</b></font></td></tr><br/>
<td><font size="2" face="Comic sans MS" color="green"><b>select (by option)Ohio from the dropdown</b></font></td></tr><br/>
<td><font size="2" face="Comic sans MS" color="green"><b>type 44691 in input field.</b></font></td></tr><br/>
<td><font size="2" face="Comic sans MS" color="green"><b>select (by option)Limited Liability Company (LLC) from the dropdown</b></font></td></tr><br/>
<td><font size="2" face="Comic sans MS" color="green"><b>type test in input field.</b></font></td></tr><br/>
<td><font size="2" face="Comic sans MS" color="green"><b>type 50010 in input field.</b></font></td></tr><br/>
<td><font size="2" face="Comic sans MS" color="green"><b>clicked on webelement</b></font></td></tr><br/>
<td><font size="2" face="Comic sans MS" color="green"><b>type 10000 in input field.</b></font></td></tr><br/>
<td><font size="2" face="Comic sans MS" color="green"><b>type 201-787-8786 in input field.</b></font></td></tr><br/>
<td><font size="2" face="Comic sans MS" color="green"><b>select (by index)2 from the dropdown</b></font></td></tr><br/>
<td><font size="2" face="Comic sans MS" color="green"><b>select (by option)Allstate from the dropdown</b></font></td></tr><br/>
<td><font size="2" face="Comic sans MS" color="green"><b>type 201-787-8786 in input field.</b></font></td></tr><br/>
<td><font size="2" face="Comic sans MS" color="green"><b>select (by index)2 from the dropdown</b></font></td></tr><br/>
<td><font size="2" face="Comic sans MS" color="green"><b>select (by option)Allstate from the dropdown</b></font></td></tr><br/>
<td><font size="2" face="Comic sans MS" color="green"><b>clicked on webelement</b></font></td></tr><br/>
<tr><td></td><td></td><td></td><td><font size="2" face="Comic sans MS" color="green"><b>URI: https://t3pc.wrg-ins.net:8543/PolicyCenter.do</b></font></td><br/>
<td><font size="2" face="Comic sans MS" color="green"><b>type 0000002606 in input field.</b></font></td></tr><br/>
<td><font size="2" face="Comic sans MS" color="green"><b>clicked on webelement</b></font></td></tr><br/>
<td><font size="2" face="Comic sans MS" color="green"><b>clicked on webelement</b></font></td></tr><br/>
<td><font size="2" face="Comic sans MS" color="green"><b>clicked on webelement</b></font></td></tr><br/>
<td><font size="2" face="Comic sans MS" color="green"><b>clicked on webelement</b></font></td></tr><br/>
<td><font size="2" face="Comic sans MS" color="green"><b>clicked on webelement</b></font></td></tr><br/>
<td><font size="2" face="Comic sans MS" color="green"><b>clicked on webelement</b></font></td></tr><br/>
<td><font size="2" face="Comic sans MS" color="green"><b>clicked on webelement</b></font></td></tr><br/>
<td><font size="2" face="Comic sans MS" color="green"><b>clicked on webelement</b></font></td></tr><br/>
<td><font size="2" face="Comic sans MS" color="green"><b>clicked on webelement</b></font></td></tr><br/>
<td><font size="2" face="Comic sans MS" color="green"><b>clicked on webelement</b></font></td></tr><br/>
<td><font size="2" face="Comic sans MS" color="green"><b>clicked on webelement</b></font></td></tr><br/>
<td><font size="2" face="Comic sans MS" color="green"><b>clicked on webelement</b></font></td></tr><br/>
<td><font size="2" face="Comic sans MS" color="green"><b>clicked on webelement</b></font></td></tr><br/>
<td><font size="2" face="Comic sans MS" color="green"><b>type 09011 in input field.</b></font></td></tr><br/>
<td><font size="2" face="Comic sans MS" color="green"><b>clicked on webelement</b></font></td></tr><br/>
<td><font size="2" face="Comic sans MS" color="green"><b>clicked on webelement</b></font></td></tr><br/>
<td><font size="2" face="Comic sans MS" color="green"><b>clicked on webelement</b></font></td></tr><br/>
<td><font size="2" face="Comic sans MS" color="green"><b>clicked on webelement</b></font></td></tr><br/>
<td><font size="2" face="Comic sans MS" color="green"><b>clicked on webelement</b></font></td></tr><br/>
<td><font size="2" face="Comic sans MS" color="green"><b>clicked on webelement</b></font></td></tr><br/>
<td><font size="2" face="Comic sans MS" color="green"><b>clicked on webelement</b></font></td></tr><br/>
<td><font size="2" face="Comic sans MS" color="green"><b>clicked on webelement</b></font></td></tr><br/>
<td><font size="2" face="Comic sans MS" color="green"><b>type 04/01/2021 in input field.</b></font></td></tr><br/>
<td><font size="2" face="Comic sans MS" color="green"><b>clicked on webelement</b></font></td></tr><br/>
<td><font size="2" face="Comic sans MS" color="green"><b>clicked on webelement</b></font></td></tr><br/>
<td><font size="2" face="Comic sans MS" color="green"><b>clicked on webelement</b></font></td></tr><br/>
<td><font size="2" face="Comic sans MS" color="green"><b>clicked on webelement</b></font></td></tr><br/>
<td><font size="2" face="Comic sans MS" color="green"><b>clicked on webelement</b></font></td></tr><br/>
<td><font size="2" face="Comic sans MS" color="green"><b>type 2015 in input field.</b></font></td></tr><br/>
<td><font size="2" face="Comic sans MS" color="green"><b>clicked on webelement</b></font></td></tr><br/>
<td><font size="2" face="Comic sans MS" color="green"><b>clicked on webelement</b></font></td></tr><br/>
<td><font size="2" face="Comic sans MS" color="green"><b>type 20000 in input field.</b></font></td></tr><br/>
<td><font size="2" face="Comic sans MS" color="green"><b>type 1500 in input field.</b></font></td></tr><br/>
<td><font size="2" face="Comic sans MS" color="green"><b>clicked on webelement</b></font></td></tr><br/>
<td><font size="2" face="Comic sans MS" color="green"><b>clicked on webelement</b></font></td></tr><br/>
<td><font size="2" face="Comic sans MS" color="green"><b>clicked on webelement</b></font></td></tr><br/>
<td><font size="2" face="Comic sans MS" color="green"><b>clicked on webelement</b></font></td></tr><br/>
<td><font size="2" face="Comic sans MS" color="green"><b>clicked on webelement</b></font></td></tr><br/>
<td><font size="2" face="Comic sans MS" color="green"><b>type Additional_Insured_2020_08_07_17_01_49 in input field.</b></font></td></tr><br/>
<td><font size="2" face="Comic sans MS" color="green"><b>type 377 West, Liberty Street in input field.</b></font></td></tr><br/>
<td><font size="2" face="Comic sans MS" color="green"><b>type Wooster in input field.</b></font></td></tr><br/>
<td><font size="2" face="Comic sans MS" color="green"><b>type 44691 in input field.</b></font></td></tr><br/>
<td><font size="2" face="Comic sans MS" color="green"><b>clicked on webelement</b></font></td></tr><br/>
<td><font size="2" face="Comic sans MS" color="green"><b>clicked on webelement</b></font></td></tr><br/>
<td><font size="2" face="Comic sans MS" color="green"><b>clicked on webelement</b></font></td></tr><br/>
<td><font size="2" face="Comic sans MS" color="green"><b>clicked on webelement</b></font></td></tr><br/>
<td><font size="2" face="Comic sans MS" color="green"><b>type test_2020_08_07_17_01_49 in input field.</b></font></td></tr><br/>
<td><font size="2" face="Comic sans MS" color="green"><b>type 377 West, Liberty Street in input field.</b></font></td></tr><br/>
<td><font size="2" face="Comic sans MS" color="green"><b>type Wooster in input field.</b></font></td></tr><br/>
<td><font size="2" face="Comic sans MS" color="green"><b>type 44691 in input field.</b></font></td></tr><br/>
<td><font size="2" face="Comic sans MS" color="green"><b>clicked on webelement</b></font></td></tr><br/>
<td><font size="2" face="Comic sans MS" color="green"><b>clicked on webelement</b></font></td></tr><br/>
<td><font size="2" face="Comic sans MS" color="green"><b>clicked on webelement</b></font></td></tr><br/>
<td><font size="2" face="Comic sans MS" color="green"><b>clicked on webelement</b></font></td></tr><br/>
<td><font size="2" face="Comic sans MS" color="green"><b>clicked on webelement</b></font></td></tr><br/>
<td><font size="2" face="Comic sans MS" color="green"><b>clicked on webelement</b></font></td></tr><br/>
<td><font size="2" face="Comic sans MS" color="green"><b>clicked on webelement</b></font></td></tr><br/>
<td><font size="2" face="Comic sans MS" color="green"><b>clicked on webelement</b></font></td></tr><br/>
<td><font size="2" face="Comic sans MS" color="green"><b>clicked on webelement</b></font></td></tr><br/>
<tr><td></td><td></td><td></td><td><font size="2" face="Comic sans MS" color="green"><b>Test issueGLPolicyFollowedbyBOP Skipped</b></font></td><br/>
</div>
</td>
<td><div><pre>java.lang.ArrayIndexOutOfBoundsException: 0
	at com.wrg.abstestbase.AbstractTest.getWebElement(AbstractTest.java:733)
	at com.wrg.PC.pages.PolicyReviewPage_PC.goToQuotePage(PolicyReviewPage_PC.java:78)
	at com.wrg.Regression.Tests.BC_RegressionTests.issueGLPolicyFollowedbyBOP(BC_RegressionTests.java:310)
	at java.util.ArrayList.forEach(ArrayList.java:1257)
	at com.wrg.PC.Tests.MyMainClass.testNGRun(MyMainClass.java:42)
	at com.wrg.PC.Tests.MyMainClass.main(MyMainClass.java:30)
... Removed 24 stack frames</pre></div><a href='#' onClick='toggleBox("stack-trace1481731217", this, "Click to show all stack frames", "Click to hide stack frames")'>Click to show all stack frames</a>
<div class='stack-trace' id='stack-trace1481731217'><pre>java.lang.ArrayIndexOutOfBoundsException: 0
	at com.wrg.abstestbase.AbstractTest.getWebElement(AbstractTest.java:733)
	at com.wrg.PC.pages.PolicyReviewPage_PC.goToQuotePage(PolicyReviewPage_PC.java:78)
	at com.wrg.Regression.Tests.BC_RegressionTests.issueGLPolicyFollowedbyBOP(BC_RegressionTests.java:310)
	at sun.reflect.NativeMethodAccessorImpl.invoke0(Native Method)
	at sun.reflect.NativeMethodAccessorImpl.invoke(NativeMethodAccessorImpl.java:62)
	at sun.reflect.DelegatingMethodAccessorImpl.invoke(DelegatingMethodAccessorImpl.java:43)
	at java.lang.reflect.Method.invoke(Method.java:498)
	at org.testng.internal.MethodInvocationHelper.invokeMethod(MethodInvocationHelper.java:135)
	at org.testng.internal.TestInvoker.invokeMethod(TestInvoker.java:598)
	at org.testng.internal.TestInvoker.invokeTestMethod(TestInvoker.java:174)
	at org.testng.internal.MethodRunner.runInSequence(MethodRunner.java:46)
	at org.testng.internal.TestInvoker$MethodInvocationAgent.invoke(TestInvoker.java:821)
	at org.testng.internal.TestInvoker.invokeTestMethods(TestInvoker.java:147)
	at org.testng.internal.TestMethodWorker.invokeTestMethods(TestMethodWorker.java:146)
	at org.testng.internal.TestMethodWorker.run(TestMethodWorker.java:128)
	at java.util.ArrayList.forEach(ArrayList.java:1257)
	at org.testng.TestRunner.privateRun(TestRunner.java:767)
	at org.testng.TestRunner.run(TestRunner.java:588)
	at org.testng.SuiteRunner.runTest(SuiteRunner.java:384)
	at org.testng.SuiteRunner.runSequentially(SuiteRunner.java:378)
	at org.testng.SuiteRunner.privateRun(SuiteRunner.java:337)
	at org.testng.SuiteRunner.run(SuiteRunner.java:286)
	at org.testng.SuiteRunnerWorker.runSuite(SuiteRunnerWorker.java:53)
	at org.testng.SuiteRunnerWorker.run(SuiteRunnerWorker.java:96)
	at org.testng.TestNG.runSuitesSequentially(TestNG.java:1214)
	at org.testng.TestNG.runSuitesLocally(TestNG.java:1136)
	at org.testng.TestNG.runSuites(TestNG.java:1066)
	at org.testng.TestNG.run(TestNG.java:1034)
	at com.wrg.PC.Tests.MyMainClass.testNGRun(MyMainClass.java:42)
	at com.wrg.PC.Tests.MyMainClass.main(MyMainClass.java:30)
</pre></div></td>
<td>419</td>
<td>com.wrg.Regression.Tests.BC_RegressionTests@4fb61f4a</td></tr>
<tr>
<td title='com.wrg.Regression.Tests.BC_RegressionTests.issueGLPolicyFollowedbyBOP()'><b>issueGLPolicyFollowedbyBOP</b><br>Test class: com.wrg.Regression.Tests.BC_RegressionTests<br>Parameters: QA1_PGA, TC42495, , Ohio, 1, 1, 349111, Murry9, General Liability, Limited Liability Company (LLC), 50010, Broadening, 10% or less, DirectBill, Cash<br/>
<a href="#Output-888378046" onClick='toggleBox("Output-888378046", this, "Show output", "Hide output");'>Show output</a>

<a href="#Output-888378046" onClick="toggleAllBoxes();">Show all outputs</a>
<div class='log' id="Output-888378046">
<tr><td></td><td></td><td></td><td><font size="2" face="Comic sans MS" color="green"><b>Test Case issueGLPolicyFollowedbyBOP started on 1596834278996</b></font></td><br/>
<tr><td></td><td></td><td></td><td><font size="2" face="Comic sans MS" color="green"><b>URI: https://t3agency.wrg-ins.com/portal/html/#!/home/</b></font></td><br/>
<tr><td></td><td></td><td></td><td><font size="2" face="Comic sans MS" color="green"><b>Test issueGLPolicyFollowedbyBOP Skipped</b></font></td><br/>
</div>
</td>
<td><div><pre>org.openqa.selenium.NoSuchElementException: Unable to locate element: //p[contains(@class,&apos;wrg-build-number&apos;)]
For documentation on this error, please visit: http://seleniumhq.org/exceptions/no_such_element.html
Build info: version: &apos;3.8.1&apos;, revision: &apos;6e95a6684b&apos;, time: &apos;2017-12-01T18:33:54.468Z&apos;
System info: host: &apos;WRGVMOFF147&apos;, ip: &apos;172.21.90.88&apos;, os.name: &apos;Windows 10&apos;, os.arch: &apos;amd64&apos;, os.version: &apos;10.0&apos;, java.version: &apos;1.8.0_231&apos;
Driver info: org.openqa.selenium.firefox.FirefoxDriver
Capabilities {acceptInsecureCerts: true, browserName: firefox, browserVersion: 77.0.1, javascriptEnabled: true, moz:accessibilityChecks: false, moz:buildID: 20200602222727, moz:geckodriverVersion: 0.26.0, moz:headless: false, moz:processID: 81188, moz:profile: C:\Users\aabro\AppData\Loca..., moz:shutdownTimeout: 60000, moz:useNonSpecCompliantPointerOrigin: false, moz:webdriverClick: true, pageLoadStrategy: normal, platform: WINDOWS, platformName: WINDOWS, platformVersion: 10.0, rotatable: false, setWindowRect: true, strictFileInteractability: false, timeouts: {implicit: 0, pageLoad: 300000, script: 30000}, unhandledPromptBehavior: dismiss and notify}
Session ID: fd5d017f-0f0a-45a3-a8ce-b204c0f341c6
*** Element info: {Using=xpath, value=//p[contains(@class,&apos;wrg-build-number&apos;)]}
	at org.openqa.selenium.remote.http.W3CHttpResponseCodec.createException(W3CHttpResponseCodec.java:187)
	at org.openqa.selenium.remote.http.W3CHttpResponseCodec.decode(W3CHttpResponseCodec.java:122)
	at org.openqa.selenium.remote.http.W3CHttpResponseCodec.decode(W3CHttpResponseCodec.java:49)
	at org.openqa.selenium.remote.HttpCommandExecutor.execute(HttpCommandExecutor.java:164)
	at org.openqa.selenium.remote.service.DriverCommandExecutor.execute(DriverCommandExecutor.java:83)
	at org.openqa.selenium.remote.RemoteWebDriver.execute(RemoteWebDriver.java:601)
	at org.openqa.selenium.remote.RemoteWebDriver.findElement(RemoteWebDriver.java:371)
	at org.openqa.selenium.remote.RemoteWebDriver.findElementByXPath(RemoteWebDriver.java:473)
	at org.openqa.selenium.By$ByXPath.findElement(By.java:361)
	at org.openqa.selenium.remote.RemoteWebDriver.findElement(RemoteWebDriver.java:363)
	at org.openqa.selenium.support.events.EventFiringWebDriver$2.invoke(EventFiringWebDriver.java:108)
	at com.sun.proxy.$Proxy7.findElement(Unknown Source)
	at org.openqa.selenium.support.events.EventFiringWebDriver.findElement(EventFiringWebDriver.java:192)
	at com.wrg.abstestbase.AbstractTest.agencyPortalLogin(AbstractTest.java:369)
	at com.wrg.AP.Tests.GL_AgencyPortalTests.searchQuote(GL_AgencyPortalTests.java:197)
	at com.wrg.Regression.Tests.BC_RegressionTests.issueGLPolicyFollowedbyBOP(BC_RegressionTests.java:251)
	at java.util.ArrayList.forEach(ArrayList.java:1257)
	at com.wrg.PC.Tests.MyMainClass.testNGRun(MyMainClass.java:42)
	at com.wrg.PC.Tests.MyMainClass.main(MyMainClass.java:30)
... Removed 31 stack frames</pre></div><a href='#' onClick='toggleBox("stack-trace888378046", this, "Click to show all stack frames", "Click to hide stack frames")'>Click to show all stack frames</a>
<div class='stack-trace' id='stack-trace888378046'><pre>org.openqa.selenium.NoSuchElementException: Unable to locate element: //p[contains(@class,&apos;wrg-build-number&apos;)]
For documentation on this error, please visit: http://seleniumhq.org/exceptions/no_such_element.html
Build info: version: &apos;3.8.1&apos;, revision: &apos;6e95a6684b&apos;, time: &apos;2017-12-01T18:33:54.468Z&apos;
System info: host: &apos;WRGVMOFF147&apos;, ip: &apos;172.21.90.88&apos;, os.name: &apos;Windows 10&apos;, os.arch: &apos;amd64&apos;, os.version: &apos;10.0&apos;, java.version: &apos;1.8.0_231&apos;
Driver info: org.openqa.selenium.firefox.FirefoxDriver
Capabilities {acceptInsecureCerts: true, browserName: firefox, browserVersion: 77.0.1, javascriptEnabled: true, moz:accessibilityChecks: false, moz:buildID: 20200602222727, moz:geckodriverVersion: 0.26.0, moz:headless: false, moz:processID: 81188, moz:profile: C:\Users\aabro\AppData\Loca..., moz:shutdownTimeout: 60000, moz:useNonSpecCompliantPointerOrigin: false, moz:webdriverClick: true, pageLoadStrategy: normal, platform: WINDOWS, platformName: WINDOWS, platformVersion: 10.0, rotatable: false, setWindowRect: true, strictFileInteractability: false, timeouts: {implicit: 0, pageLoad: 300000, script: 30000}, unhandledPromptBehavior: dismiss and notify}
Session ID: fd5d017f-0f0a-45a3-a8ce-b204c0f341c6
*** Element info: {Using=xpath, value=//p[contains(@class,&apos;wrg-build-number&apos;)]}
	at sun.reflect.NativeConstructorAccessorImpl.newInstance0(Native Method)
	at sun.reflect.NativeConstructorAccessorImpl.newInstance(NativeConstructorAccessorImpl.java:62)
	at sun.reflect.DelegatingConstructorAccessorImpl.newInstance(DelegatingConstructorAccessorImpl.java:45)
	at java.lang.reflect.Constructor.newInstance(Constructor.java:423)
	at org.openqa.selenium.remote.http.W3CHttpResponseCodec.createException(W3CHttpResponseCodec.java:187)
	at org.openqa.selenium.remote.http.W3CHttpResponseCodec.decode(W3CHttpResponseCodec.java:122)
	at org.openqa.selenium.remote.http.W3CHttpResponseCodec.decode(W3CHttpResponseCodec.java:49)
	at org.openqa.selenium.remote.HttpCommandExecutor.execute(HttpCommandExecutor.java:164)
	at org.openqa.selenium.remote.service.DriverCommandExecutor.execute(DriverCommandExecutor.java:83)
	at org.openqa.selenium.remote.RemoteWebDriver.execute(RemoteWebDriver.java:601)
	at org.openqa.selenium.remote.RemoteWebDriver.findElement(RemoteWebDriver.java:371)
	at org.openqa.selenium.remote.RemoteWebDriver.findElementByXPath(RemoteWebDriver.java:473)
	at org.openqa.selenium.By$ByXPath.findElement(By.java:361)
	at org.openqa.selenium.remote.RemoteWebDriver.findElement(RemoteWebDriver.java:363)
	at sun.reflect.GeneratedMethodAccessor7.invoke(Unknown Source)
	at sun.reflect.DelegatingMethodAccessorImpl.invoke(DelegatingMethodAccessorImpl.java:43)
	at java.lang.reflect.Method.invoke(Method.java:498)
	at org.openqa.selenium.support.events.EventFiringWebDriver$2.invoke(EventFiringWebDriver.java:108)
	at com.sun.proxy.$Proxy7.findElement(Unknown Source)
	at org.openqa.selenium.support.events.EventFiringWebDriver.findElement(EventFiringWebDriver.java:192)
	at com.wrg.abstestbase.AbstractTest.agencyPortalLogin(AbstractTest.java:369)
	at com.wrg.AP.Tests.GL_AgencyPortalTests.searchQuote(GL_AgencyPortalTests.java:197)
	at com.wrg.Regression.Tests.BC_RegressionTests.issueGLPolicyFollowedbyBOP(BC_RegressionTests.java:251)
	at sun.reflect.NativeMethodAccessorImpl.invoke0(Native Method)
	at sun.reflect.NativeMethodAccessorImpl.invoke(NativeMethodAccessorImpl.java:62)
	at sun.reflect.DelegatingMethodAccessorImpl.invoke(DelegatingMethodAccessorImpl.java:43)
	at java.lang.reflect.Method.invoke(Method.java:498)
	at org.testng.internal.MethodInvocationHelper.invokeMethod(MethodInvocationHelper.java:135)
	at org.testng.internal.TestInvoker.invokeMethod(TestInvoker.java:598)
	at org.testng.internal.TestInvoker.retryFailed(TestInvoker.java:214)
	at org.testng.internal.MethodRunner.runInSequence(MethodRunner.java:58)
	at org.testng.internal.TestInvoker$MethodInvocationAgent.invoke(TestInvoker.java:821)
	at org.testng.internal.TestInvoker.invokeTestMethods(TestInvoker.java:147)
	at org.testng.internal.TestMethodWorker.invokeTestMethods(TestMethodWorker.java:146)
	at org.testng.internal.TestMethodWorker.run(TestMethodWorker.java:128)
	at java.util.ArrayList.forEach(ArrayList.java:1257)
	at org.testng.TestRunner.privateRun(TestRunner.java:767)
	at org.testng.TestRunner.run(TestRunner.java:588)
	at org.testng.SuiteRunner.runTest(SuiteRunner.java:384)
	at org.testng.SuiteRunner.runSequentially(SuiteRunner.java:378)
	at org.testng.SuiteRunner.privateRun(SuiteRunner.java:337)
	at org.testng.SuiteRunner.run(SuiteRunner.java:286)
	at org.testng.SuiteRunnerWorker.runSuite(SuiteRunnerWorker.java:53)
	at org.testng.SuiteRunnerWorker.run(SuiteRunnerWorker.java:96)
	at org.testng.TestNG.runSuitesSequentially(TestNG.java:1214)
	at org.testng.TestNG.runSuitesLocally(TestNG.java:1136)
	at org.testng.TestNG.runSuites(TestNG.java:1066)
	at org.testng.TestNG.run(TestNG.java:1034)
	at com.wrg.PC.Tests.MyMainClass.testNGRun(MyMainClass.java:42)
	at com.wrg.PC.Tests.MyMainClass.main(MyMainClass.java:30)
</pre></div></td>
<td>25</td>
<td>com.wrg.Regression.Tests.BC_RegressionTests@4fb61f4a</td></tr>
</table><p>
</body>
</html>