<html>
<head>
<title>TestNG:  validatePolicyLevelAndAdditionalCoveragesCoveragesOnCommercialPropertyLinePage4</title>
<link href="../testng.css" rel="stylesheet" type="text/css" />
<link href="../my-testng.css" rel="stylesheet" type="text/css" />

<style type="text/css">
.log { display: none;} 
.stack-trace { display: none;} 
</style>
<script type="text/javascript">
<!--
function flip(e) {
  current = e.style.display;
  if (current == 'block') {
    e.style.display = 'none';
    return 0;
  }
  else {
    e.style.display = 'block';
    return 1;
  }
}

function toggleBox(szDivId, elem, msg1, msg2)
{
  var res = -1;  if (document.getElementById) {
    res = flip(document.getElementById(szDivId));
  }
  else if (document.all) {
    // this is the way old msie versions work
    res = flip(document.all[szDivId]);
  }
  if(elem) {
    if(res == 0) elem.innerHTML = msg1; else elem.innerHTML = msg2;
  }

}

function toggleAllBoxes() {
  if (document.getElementsByTagName) {
    d = document.getElementsByTagName('div');
    for (i = 0; i < d.length; i++) {
      if (d[i].className == 'log') {
        flip(d[i]);
      }
    }
  }
}

// -->
</script>

</head>
<body>
<h2 align='center'>validatePolicyLevelAndAdditionalCoveragesCoveragesOnCommercialPropertyLinePage4</h2><table border='1' align="center">
<tr>
<td>Tests passed/Failed/Skipped:</td><td>1/0/1</td>
</tr><tr>
<td>Started on:</td><td>Fri Jul 24 09:31:50 EDT 2020</td>
</tr>
<tr><td>Total time:</td><td>84 seconds (84396 ms)</td>
</tr><tr>
<td>Included groups:</td><td></td>
</tr><tr>
<td>Excluded groups:</td><td></td>
</tr>
</table><p/>
<small><i>(Hover the method name to see the test class name)</i></small><p/>
<table width='100%' border='1' class='invocation-passed'>
<tr><td colspan='4' align='center'><b>PASSED TESTS</b></td></tr>
<tr><td><b>Test method</b></td>
<td width="30%"><b>Exception</b></td>
<td width="10%"><b>Time (seconds)</b></td>
<td><b>Instance</b></td>
</tr>
<tr>
<td title='com.wrg.PC.Tests.Property_PolicyCenterTests.validatePolicyLevelAndAdditionalCoveragesCoveragesOnCommercialPropertyLinePage()'><b>validatePolicyLevelAndAdditionalCoveragesCoveragesOnCommercialPropertyLinePage</b><br>Test class: com.wrg.PC.Tests.Property_PolicyCenterTests<br>Parameters: QA1_PGA, , Indiana, Limited Liability Company (LLC), 139111, 09001, 365, Commercial, NA, Enhancement<br/>
<a href="#Output-185639533" onClick='toggleBox("Output-185639533", this, "Show output", "Hide output");'>Show output</a>

<a href="#Output-185639533" onClick="toggleAllBoxes();">Show all outputs</a>
<div class='log' id="Output-185639533">
<tr><td></td><td></td><td></td><td><font size="2" face="Comic sans MS" color="green"><b>Test Case validatePolicyLevelAndAdditionalCoveragesCoveragesOnCommercialPropertyLinePage started on 1595597530691</b></font></td><br/>
<tr><td></td><td></td><td></td><td><font size="2" face="Comic sans MS" color="green"><b>URI: https://t4pc.wrg-ins.net:8543/PolicyCenter.do</b></font></td><br/>
<td><font size="2" face="Comic sans MS" color="green"><b>type Blue_Agency in input field.</b></font></td></tr><br/>
<td><font size="2" face="Comic sans MS" color="green"><b>type Automation_Applicant_2020_07_24_09_32_10 in input field.</b></font></td></tr><br/>
<td><font size="2" face="Comic sans MS" color="green"><b>type 251 Pennylvania Pkwy in input field.</b></font></td></tr><br/>
<td><font size="2" face="Comic sans MS" color="green"><b>type Indianapolis in input field.</b></font></td></tr><br/>
<td><font size="2" face="Comic sans MS" color="green"><b>type test in input field.</b></font></td></tr><br/>
<td><font size="2" face="Comic sans MS" color="green"><b>type 46280 in input field.</b></font></td></tr><br/>
<td><font size="2" face="Comic sans MS" color="green"><b>type FORWARD AGENCIES in input field.</b></font></td></tr><br/>
<td><font size="2" face="Comic sans MS" color="green"><b>type 139111 in input field.</b></font></td></tr><br/>
<td><font size="2" face="Comic sans MS" color="green"><b>type 09001 in input field.</b></font></td></tr><br/>
<td><font size="2" face="Comic sans MS" color="green"><b>clicked on webelement</b></font></td></tr><br/>
<td><font size="2" face="Comic sans MS" color="green"><b>clicked on webelement</b></font></td></tr><br/>
<td><font size="2" face="Comic sans MS" color="green"><b>clicked on webelement</b></font></td></tr><br/>
<td><font size="2" face="Comic sans MS" color="green"><b>clicked on webelement</b></font></td></tr><br/>
<td><font size="2" face="Comic sans MS" color="green"><b>clicked on webelement</b></font></td></tr><br/>
<td><font size="2" face="Comic sans MS" color="green"><b>clicked on webelement</b></font></td></tr><br/>
<td><font size="2" face="Comic sans MS" color="green"><b>clicked on webelement</b></font></td></tr><br/>
<td><font size="2" face="Comic sans MS" color="green"><b>clicked on webelement</b></font></td></tr><br/>
<td><font size="2" face="Comic sans MS" color="green"><b>clicked on webelement</b></font></td></tr><br/>
<tr><td></td><td></td><td></td><td><font size="2" face="Comic sans MS" color="green"><b>Test validatePolicyLevelAndAdditionalCoveragesCoveragesOnCommercialPropertyLinePage1</b></font></td><br/>
</div>
</td>
<td></td>
<td>60</td>
<td>com.wrg.PC.Tests.Property_PolicyCenterTests@123ef382</td></tr>
</table><p>
<table width='100%' border='1' class='invocation-skipped'>
<tr><td colspan='4' align='center'><b>SKIPPED TESTS</b></td></tr>
<tr><td><b>Test method</b></td>
<td width="30%"><b>Exception</b></td>
<td width="10%"><b>Time (seconds)</b></td>
<td><b>Instance</b></td>
</tr>
<tr>
<td title='com.wrg.PC.Tests.Property_PolicyCenterTests.validatePolicyLevelAndAdditionalCoveragesCoveragesOnCommercialPropertyLinePage()'><b>validatePolicyLevelAndAdditionalCoveragesCoveragesOnCommercialPropertyLinePage</b><br>Test class: com.wrg.PC.Tests.Property_PolicyCenterTests<br>Parameters: QA1_PGA, , Indiana, Limited Liability Company (LLC), 139111, 09001, 365, Commercial, NA, Enhancement<br/>
<a href="#Output-1497983329" onClick='toggleBox("Output-1497983329", this, "Show output", "Hide output");'>Show output</a>

<a href="#Output-1497983329" onClick="toggleAllBoxes();">Show all outputs</a>
<div class='log' id="Output-1497983329">
<tr><td></td><td></td><td></td><td><font size="2" face="Comic sans MS" color="green"><b>Test Case validatePolicyLevelAndAdditionalCoveragesCoveragesOnCommercialPropertyLinePage started on 1595597510621</b></font></td><br/>
<tr><td></td><td></td><td></td><td><font size="2" face="Comic sans MS" color="green"><b>URI: https://t4pc.wrg-ins.net:8543/PolicyCenter.do</b></font></td><br/>
<tr><td></td><td></td><td></td><td><font size="2" face="Comic sans MS" color="green"><b>Test validatePolicyLevelAndAdditionalCoveragesCoveragesOnCommercialPropertyLinePage Skipped</b></font></td><br/>
</div>
</td>
<td><div><pre>org.openqa.selenium.WebDriverException: Timed out waiting for driver server to start.
Build info: version: &apos;3.8.1&apos;, revision: &apos;6e95a6684b&apos;, time: &apos;2017-12-01T18:33:54.468Z&apos;
System info: host: &apos;WRGVMOFF147&apos;, ip: &apos;172.21.90.88&apos;, os.name: &apos;Windows 10&apos;, os.arch: &apos;amd64&apos;, os.version: &apos;10.0&apos;, java.version: &apos;1.8.0_231&apos;
Driver info: driver.version: ChromeDriver
	at org.openqa.selenium.remote.service.DriverService.waitUntilAvailable(DriverService.java:192)
	at org.openqa.selenium.remote.service.DriverService.start(DriverService.java:178)
	at org.openqa.selenium.remote.service.DriverCommandExecutor.execute(DriverCommandExecutor.java:79)
	at org.openqa.selenium.remote.RemoteWebDriver.execute(RemoteWebDriver.java:601)
	at org.openqa.selenium.remote.RemoteWebDriver.startSession(RemoteWebDriver.java:219)
	at org.openqa.selenium.remote.RemoteWebDriver.&lt;init&gt;(RemoteWebDriver.java:142)
	at org.openqa.selenium.chrome.ChromeDriver.&lt;init&gt;(ChromeDriver.java:181)
	at org.openqa.selenium.chrome.ChromeDriver.&lt;init&gt;(ChromeDriver.java:168)
	at org.openqa.selenium.chrome.ChromeDriver.&lt;init&gt;(ChromeDriver.java:123)
	at com.wrg.abstestbase.AbstractTest.getDriver(AbstractTest.java:228)
	at com.wrg.abstestbase.AbstractTest.login(AbstractTest.java:297)
	at com.wrg.PC.Tests.BOP_PolicyCenterTests.createAccount(BOP_PolicyCenterTests.java:163)
	at com.wrg.PC.Tests.Property_PolicyCenterTests.validatePolicyLevelAndAdditionalCoveragesCoveragesOnCommercialPropertyLinePage(Property_PolicyCenterTests.java:208)
	at java.util.ArrayList.forEach(ArrayList.java:1257)
	at com.wrg.PC.Tests.MyMainClass.testNGRun(MyMainClass.java:42)
	at com.wrg.PC.Tests.MyMainClass.main(MyMainClass.java:30)
Caused by: org.openqa.selenium.net.UrlChecker$TimeoutException: Timed out waiting for [http://localhost:29146/status] to be available after 20000 ms
	at org.openqa.selenium.net.UrlChecker.waitUntilAvailable(UrlChecker.java:100)
	at org.openqa.selenium.remote.service.DriverService.waitUntilAvailable(DriverService.java:187)
	... 39 more
Caused by: java.util.concurrent.TimeoutException
	at java.util.concurrent.FutureTask.get(FutureTask.java:205)
	at com.google.common.util.concurrent.SimpleTimeLimiter.callWithTimeout(SimpleTimeLimiter.java:155)
	at org.openqa.selenium.net.UrlChecker.waitUntilAvailable(UrlChecker.java:75)
	... 40 more
... Removed 24 stack frames</pre></div><a href='#' onClick='toggleBox("stack-trace1497983329", this, "Click to show all stack frames", "Click to hide stack frames")'>Click to show all stack frames</a>
<div class='stack-trace' id='stack-trace1497983329'><pre>org.openqa.selenium.WebDriverException: Timed out waiting for driver server to start.
Build info: version: &apos;3.8.1&apos;, revision: &apos;6e95a6684b&apos;, time: &apos;2017-12-01T18:33:54.468Z&apos;
System info: host: &apos;WRGVMOFF147&apos;, ip: &apos;172.21.90.88&apos;, os.name: &apos;Windows 10&apos;, os.arch: &apos;amd64&apos;, os.version: &apos;10.0&apos;, java.version: &apos;1.8.0_231&apos;
Driver info: driver.version: ChromeDriver
	at org.openqa.selenium.remote.service.DriverService.waitUntilAvailable(DriverService.java:192)
	at org.openqa.selenium.remote.service.DriverService.start(DriverService.java:178)
	at org.openqa.selenium.remote.service.DriverCommandExecutor.execute(DriverCommandExecutor.java:79)
	at org.openqa.selenium.remote.RemoteWebDriver.execute(RemoteWebDriver.java:601)
	at org.openqa.selenium.remote.RemoteWebDriver.startSession(RemoteWebDriver.java:219)
	at org.openqa.selenium.remote.RemoteWebDriver.&lt;init&gt;(RemoteWebDriver.java:142)
	at org.openqa.selenium.chrome.ChromeDriver.&lt;init&gt;(ChromeDriver.java:181)
	at org.openqa.selenium.chrome.ChromeDriver.&lt;init&gt;(ChromeDriver.java:168)
	at org.openqa.selenium.chrome.ChromeDriver.&lt;init&gt;(ChromeDriver.java:123)
	at com.wrg.abstestbase.AbstractTest.getDriver(AbstractTest.java:228)
	at com.wrg.abstestbase.AbstractTest.login(AbstractTest.java:297)
	at com.wrg.PC.Tests.BOP_PolicyCenterTests.createAccount(BOP_PolicyCenterTests.java:163)
	at com.wrg.PC.Tests.Property_PolicyCenterTests.validatePolicyLevelAndAdditionalCoveragesCoveragesOnCommercialPropertyLinePage(Property_PolicyCenterTests.java:208)
	at sun.reflect.NativeMethodAccessorImpl.invoke0(Native Method)
	at sun.reflect.NativeMethodAccessorImpl.invoke(NativeMethodAccessorImpl.java:62)
	at sun.reflect.DelegatingMethodAccessorImpl.invoke(DelegatingMethodAccessorImpl.java:43)
	at java.lang.reflect.Method.invoke(Method.java:498)
	at org.testng.internal.MethodInvocationHelper.invokeMethod(MethodInvocationHelper.java:135)
	at org.testng.internal.TestInvoker.invokeMethod(TestInvoker.java:598)
	at org.testng.internal.TestInvoker.invokeTestMethod(TestInvoker.java:174)
	at org.testng.internal.MethodRunner.runInSequence(MethodRunner.java:46)
	at org.testng.internal.TestInvoker$MethodInvocationAgent.invoke(TestInvoker.java:821)
	at org.testng.internal.TestInvoker.invokeTestMethods(TestInvoker.java:147)
	at org.testng.internal.TestMethodWorker.invokeTestMethods(TestMethodWorker.java:146)
	at org.testng.internal.TestMethodWorker.run(TestMethodWorker.java:128)
	at java.util.ArrayList.forEach(ArrayList.java:1257)
	at org.testng.TestRunner.privateRun(TestRunner.java:767)
	at org.testng.TestRunner.run(TestRunner.java:588)
	at org.testng.SuiteRunner.runTest(SuiteRunner.java:384)
	at org.testng.SuiteRunner.runSequentially(SuiteRunner.java:378)
	at org.testng.SuiteRunner.privateRun(SuiteRunner.java:337)
	at org.testng.SuiteRunner.run(SuiteRunner.java:286)
	at org.testng.SuiteRunnerWorker.runSuite(SuiteRunnerWorker.java:53)
	at org.testng.SuiteRunnerWorker.run(SuiteRunnerWorker.java:96)
	at org.testng.TestNG.runSuitesSequentially(TestNG.java:1214)
	at org.testng.TestNG.runSuitesLocally(TestNG.java:1136)
	at org.testng.TestNG.runSuites(TestNG.java:1066)
	at org.testng.TestNG.run(TestNG.java:1034)
	at com.wrg.PC.Tests.MyMainClass.testNGRun(MyMainClass.java:42)
	at com.wrg.PC.Tests.MyMainClass.main(MyMainClass.java:30)
Caused by: org.openqa.selenium.net.UrlChecker$TimeoutException: Timed out waiting for [http://localhost:29146/status] to be available after 20000 ms
	at org.openqa.selenium.net.UrlChecker.waitUntilAvailable(UrlChecker.java:100)
	at org.openqa.selenium.remote.service.DriverService.waitUntilAvailable(DriverService.java:187)
	... 39 more
Caused by: java.util.concurrent.TimeoutException
	at java.util.concurrent.FutureTask.get(FutureTask.java:205)
	at com.google.common.util.concurrent.SimpleTimeLimiter.callWithTimeout(SimpleTimeLimiter.java:155)
	at org.openqa.selenium.net.UrlChecker.waitUntilAvailable(UrlChecker.java:75)
	... 40 more
</pre></div></td>
<td>20</td>
<td>com.wrg.PC.Tests.Property_PolicyCenterTests@123ef382</td></tr>
</table><p>
</body>
</html>